<?xml version="1.0" encoding="UTF-8"?>
<testng-results ignored="0" total="1" passed="1" failed="0" skipped="0">
  <reporter-output>
  </reporter-output>
  <suite started-at="2025-04-11T16:00:34 NPT" name="Default suite" finished-at="2025-04-11T16:00:43 NPT" duration-ms="8541">
    <groups>
    </groups>
    <test started-at="2025-04-11T16:00:34 NPT" name="Default test" finished-at="2025-04-11T16:00:43 NPT" duration-ms="8541">
      <class name="com.niraj.eb.testcases.LoginTest">
        <test-method is-config="true" signature="setUp()[pri:0, instance:com.niraj.eb.testcases.LoginTest@7ec7ffd3]" started-at="2025-04-11T16:00:35 NPT" name="setUp" finished-at="2025-04-11T16:00:39 NPT" duration-ms="4146" status="PASS">
          <reporter-output>
          </reporter-output>
        </test-method> <!-- setUp -->
        <test-method signature="testone()[pri:0, instance:com.niraj.eb.testcases.LoginTest@7ec7ffd3]" started-at="2025-04-11T16:00:39 NPT" name="testone" finished-at="2025-04-11T16:00:43 NPT" duration-ms="4351" status="PASS">
          <reporter-output>
          </reporter-output>
        </test-method> <!-- testone -->
      </class> <!-- com.niraj.eb.testcases.LoginTest -->
    </test> <!-- Default test -->
  </suite> <!-- Default suite -->
</testng-results>
