<?xml version="1.0" encoding="UTF-8"?>
<testng-results ignored="0" total="1" passed="1" failed="0" skipped="0">
  <reporter-output>
  </reporter-output>
  <suite started-at="2025-04-10T17:39:40 NPT" name="Default suite" finished-at="2025-04-10T17:39:40 NPT" duration-ms="57">
    <groups>
    </groups>
    <test started-at="2025-04-10T17:39:40 NPT" name="Default test" finished-at="2025-04-10T17:39:40 NPT" duration-ms="57">
      <class name="com.niraj.eb.testcases.LoginTest">
        <test-method signature="testone()[pri:0, instance:com.niraj.eb.testcases.LoginTest@4fb61f4a]" started-at="2025-04-10T17:39:40 NPT" name="testone" finished-at="2025-04-10T17:39:40 NPT" duration-ms="13" status="PASS">
          <reporter-output>
          </reporter-output>
        </test-method> <!-- testone -->
      </class> <!-- com.niraj.eb.testcases.LoginTest -->
    </test> <!-- Default test -->
  </suite> <!-- Default suite -->
</testng-results>
